


 STREAM LISTING     PERIOD      1   STEP        1

 LAYER ROW COL. STREAM  RCH.  FLOW INTO     FLOW TO   FLOW OUT OF   OVRLND.     DIRECT     STREAM       STREAM     STREAM     STREAM   STREAMBED  STREAMBED
                SEG.NO.  NO.  STRM. RCH.    AQUIFER    STRM. RCH.    RUNOFF     PRECIP       ET          HEAD       DEPTH      WIDTH   CONDCTNC.   GRADIENT

   1    1   16     1     1    1.0000E+04 -5.0843E+01   1.0051E+04  0.000E+00  0.000E+00  0.000E+00  3.45125E+01  5.125E-01  5.000E+00  1.250E+02 -4.067E-01
   1    2   16     2     1    1.0051E+04 -4.7407E+01   1.0098E+04  0.000E+00  0.000E+00  0.000E+00  3.45012E+01  5.140E-01  5.000E+00  1.250E+02 -3.793E-01
   1    3   16     3     1    1.0098E+04 -4.3915E+01   1.0142E+04  0.000E+00  0.000E+00  0.000E+00  3.44897E+01  5.154E-01  5.000E+00  1.250E+02 -3.513E-01
   1    4   16     4     1    1.0142E+04 -4.0224E+01   1.0182E+04  0.000E+00  0.000E+00  0.000E+00  3.44782E+01  5.167E-01  5.000E+00  1.250E+02 -3.218E-01
   1    5   16     5     1    1.0182E+04 -3.6232E+01   1.0219E+04  0.000E+00  0.000E+00  0.000E+00  3.44666E+01  5.178E-01  5.000E+00  1.250E+02 -2.899E-01
   1    6   16     6     1    1.0219E+04 -3.1834E+01   1.0250E+04  0.000E+00  0.000E+00  0.000E+00  3.44548E+01  5.189E-01  5.000E+00  1.250E+02 -2.547E-01
   1    7   16     7     1    1.0250E+04 -2.6873E+01   1.0277E+04  0.000E+00  0.000E+00  0.000E+00  3.44428E+01  5.198E-01  5.000E+00  1.250E+02 -2.150E-01
   1    8   16     8     1    1.0277E+04 -2.1140E+01   1.0298E+04  0.000E+00  0.000E+00  0.000E+00  3.44307E+01  5.205E-01  5.000E+00  1.250E+02 -1.691E-01
   1    9   16     9     1    1.0298E+04 -1.4462E+01   1.0313E+04  0.000E+00  0.000E+00  0.000E+00  3.44185E+01  5.210E-01  5.000E+00  1.250E+02 -1.157E-01
   1   10   16    10     1    1.0313E+04 -7.4411E+00   1.0320E+04  0.000E+00  0.000E+00  0.000E+00  3.44060E+01  5.214E-01  5.000E+00  1.250E+02 -5.953E-02
   1   11   16    11     1    1.0320E+04 -6.6222E+00   1.0327E+04  0.000E+00  0.000E+00  0.000E+00  3.43934E+01  5.216E-01  5.000E+00  1.250E+02 -5.298E-02
   1   12   16    12     1    1.0327E+04 -6.2114E+00   1.0333E+04  0.000E+00  0.000E+00  0.000E+00  3.43807E+01  5.218E-01  5.000E+00  1.250E+02 -4.969E-02
   1   13   16    13     1    1.0333E+04 -7.0726E+00   1.0340E+04  0.000E+00  0.000E+00  0.000E+00  3.43681E+01  5.220E-01  5.000E+00  1.250E+02 -5.658E-02
   1   14   16    14     1    1.0340E+04 -7.8795E+00   1.0348E+04  0.000E+00  0.000E+00  0.000E+00  3.43555E+01  5.222E-01  5.000E+00  1.250E+02 -6.304E-02
   1   15   16    15     1    1.0348E+04 -8.1389E+00   1.0356E+04  0.000E+00  0.000E+00  0.000E+00  3.43430E+01  5.224E-01  5.000E+00  1.250E+02 -6.511E-02
   1   16   16    16     1    1.0356E+04 -7.7553E+00   1.0364E+04  0.000E+00  0.000E+00  0.000E+00  3.43304E+01  5.227E-01  5.000E+00  1.250E+02 -6.204E-02
   1   17   16    17     1    1.0364E+04 -6.7173E+00   1.0371E+04  0.000E+00  0.000E+00  0.000E+00  3.43178E+01  5.229E-01  5.000E+00  1.250E+02 -5.374E-02
   1   18   16    18     1    1.0371E+04 -4.9847E+00   1.0376E+04  0.000E+00  0.000E+00  0.000E+00  3.43051E+01  5.231E-01  5.000E+00  1.250E+02 -3.988E-02
   1   19   16    19     1    1.0376E+04 -2.4458E+00   1.0378E+04  0.000E+00  0.000E+00  0.000E+00  3.42924E+01  5.232E-01  5.000E+00  1.250E+02 -1.957E-02
   1   20   16    20     1    1.0378E+04  1.0189E+00   1.0377E+04  0.000E+00  0.000E+00  0.000E+00  3.42796E+01  5.232E-01  5.000E+00  1.250E+02  8.151E-03
   1   21   16    21     1    1.0377E+04  4.8073E+00   1.0372E+04  0.000E+00  0.000E+00  0.000E+00  3.42667E+01  5.231E-01  5.000E+00  1.250E+02  3.846E-02
   1   22   16    22     1    1.0372E+04  2.7921E+00   1.0370E+04  0.000E+00  0.000E+00  0.000E+00  3.42538E+01  5.230E-01  5.000E+00  1.250E+02  2.234E-02
   1   23   16    23     1    1.0370E+04  1.0978E+00   1.0368E+04  0.000E+00  0.000E+00  0.000E+00  3.42409E+01  5.229E-01  5.000E+00  1.250E+02  8.782E-03
   1   24   16    24     1    1.0368E+04  2.5973E-01   1.0368E+04  0.000E+00  0.000E+00  0.000E+00  3.42280E+01  5.229E-01  5.000E+00  1.250E+02  2.078E-03
   1   25   16    25     1    1.0368E+04  5.9343E-02   1.0368E+04  0.000E+00  0.000E+00  0.000E+00  3.42152E+01  5.229E-01  5.000E+00  1.250E+02  4.747E-04
   1   26   16    26     1    1.0368E+04  2.5150E-01   1.0368E+04  0.000E+00  0.000E+00  0.000E+00  3.42024E+01  5.229E-01  5.000E+00  1.250E+02  2.012E-03
   1   27   16    27     1    1.0368E+04  6.4648E-01   1.0367E+04  0.000E+00  0.000E+00  0.000E+00  3.41896E+01  5.229E-01  5.000E+00  1.250E+02  5.172E-03
   1   28   16    28     1    1.0367E+04  1.1342E+00   1.0366E+04  0.000E+00  0.000E+00  0.000E+00  3.41767E+01  5.229E-01  5.000E+00  1.250E+02  9.074E-03
   1   29   16    29     1    1.0366E+04  1.7187E+00   1.0364E+04  0.000E+00  0.000E+00  0.000E+00  3.41638E+01  5.228E-01  5.000E+00  1.250E+02  1.375E-02
   1   30   16    30     1    1.0364E+04  2.4562E+00   1.0362E+04  0.000E+00  0.000E+00  0.000E+00  3.41510E+01  5.228E-01  5.000E+00  1.250E+02  1.965E-02
   1   31   16    31     1    1.0362E+04  3.4046E+00   1.0359E+04  0.000E+00  0.000E+00  0.000E+00  3.41381E+01  5.227E-01  5.000E+00  1.250E+02  2.724E-02
   1   32   16    32     1    1.0359E+04  4.5979E+00   1.0354E+04  0.000E+00  0.000E+00  0.000E+00  3.41251E+01  5.225E-01  5.000E+00  1.250E+02  3.678E-02
   1   33   16    33     1    1.0354E+04  6.0135E+00   1.0348E+04  0.000E+00  0.000E+00  0.000E+00  3.41121E+01  5.224E-01  5.000E+00  1.250E+02  4.811E-02
   1   34   16    34     1    1.0348E+04  7.5271E+00   1.0340E+04  0.000E+00  0.000E+00  0.000E+00  3.40991E+01  5.222E-01  5.000E+00  1.250E+02  6.022E-02
   1   35   16    35     1    1.0340E+04  8.8570E+00   1.0332E+04  0.000E+00  0.000E+00  0.000E+00  3.40860E+01  5.219E-01  5.000E+00  1.250E+02  7.086E-02
   1   36   16    36     1    1.0332E+04  9.6742E+00   1.0322E+04  0.000E+00  0.000E+00  0.000E+00  3.40729E+01  5.217E-01  5.000E+00  1.250E+02  7.739E-02
   1   37   16    37     1    1.0322E+04  1.0343E+01   1.0312E+04  0.000E+00  0.000E+00  0.000E+00  3.40598E+01  5.213E-01  5.000E+00  1.250E+02  8.274E-02
   1   38   16    38     1    1.0312E+04  1.1141E+01   1.0300E+04  0.000E+00  0.000E+00  0.000E+00  3.40467E+01  5.210E-01  5.000E+00  1.250E+02  8.913E-02
   1   39   16    39     1    1.0300E+04  1.1839E+01   1.0289E+04  0.000E+00  0.000E+00  0.000E+00  3.40335E+01  5.207E-01  5.000E+00  1.250E+02  9.471E-02
   1   40   16    40     1    1.0289E+04  0.0000E+00   1.0289E+04  0.000E+00  0.000E+00  0.000E+00  3.40205E+01  5.205E-01  5.000E+00  0.000E+00  0.000E+00



 STREAM LISTING     PERIOD      2   STEP        1

 LAYER ROW COL. STREAM  RCH.  FLOW INTO     FLOW TO   FLOW OUT OF   OVRLND.     DIRECT     STREAM       STREAM     STREAM     STREAM   STREAMBED  STREAMBED
                SEG.NO.  NO.  STRM. RCH.    AQUIFER    STRM. RCH.    RUNOFF     PRECIP       ET          HEAD       DEPTH      WIDTH   CONDCTNC.   GRADIENT

   1    1   16     1     1    1.0000E+04 -5.0899E+01   1.0051E+04  0.000E+00  0.000E+00  0.000E+00  3.45125E+01  5.125E-01  5.000E+00  1.250E+02 -4.072E-01
   1    2   16     2     1    1.0051E+04 -4.7549E+01   1.0098E+04  0.000E+00  0.000E+00  0.000E+00  3.45012E+01  5.140E-01  5.000E+00  1.250E+02 -3.804E-01
   1    3   16     3     1    1.0098E+04 -4.4222E+01   1.0143E+04  0.000E+00  0.000E+00  0.000E+00  3.44898E+01  5.154E-01  5.000E+00  1.250E+02 -3.538E-01
   1    4   16     4     1    1.0143E+04 -4.0786E+01   1.0183E+04  0.000E+00  0.000E+00  0.000E+00  3.44782E+01  5.167E-01  5.000E+00  1.250E+02 -3.263E-01
   1    5   16     5     1    1.0183E+04 -3.7149E+01   1.0221E+04  0.000E+00  0.000E+00  0.000E+00  3.44666E+01  5.179E-01  5.000E+00  1.250E+02 -2.972E-01
   1    6   16     6     1    1.0221E+04 -3.3218E+01   1.0254E+04  0.000E+00  0.000E+00  0.000E+00  3.44549E+01  5.190E-01  5.000E+00  1.250E+02 -2.657E-01
   1    7   16     7     1    1.0254E+04 -2.8860E+01   1.0283E+04  0.000E+00  0.000E+00  0.000E+00  3.44430E+01  5.199E-01  5.000E+00  1.250E+02 -2.309E-01
   1    8   16     8     1    1.0283E+04 -2.3905E+01   1.0307E+04  0.000E+00  0.000E+00  0.000E+00  3.44310E+01  5.207E-01  5.000E+00  1.250E+02 -1.912E-01
   1    9   16     9     1    1.0307E+04 -1.8212E+01   1.0325E+04  0.000E+00  0.000E+00  0.000E+00  3.44188E+01  5.214E-01  5.000E+00  1.250E+02 -1.457E-01
   1   10   16    10     1    1.0325E+04 -1.2261E+01   1.0337E+04  0.000E+00  0.000E+00  0.000E+00  3.44064E+01  5.218E-01  5.000E+00  1.250E+02 -9.809E-02
   1   11   16    11     1    1.0337E+04 -1.1285E+01   1.0348E+04  0.000E+00  0.000E+00  0.000E+00  3.43940E+01  5.222E-01  5.000E+00  1.250E+02 -9.028E-02
   1   12   16    12     1    1.0348E+04 -1.0653E+01   1.0359E+04  0.000E+00  0.000E+00  0.000E+00  3.43815E+01  5.225E-01  5.000E+00  1.250E+02 -8.522E-02
   1   13   16    13     1    1.0359E+04 -1.1056E+01   1.0370E+04  0.000E+00  0.000E+00  0.000E+00  3.43690E+01  5.229E-01  5.000E+00  1.250E+02 -8.845E-02
   1   14   16    14     1    1.0370E+04 -1.1434E+01   1.0381E+04  0.000E+00  0.000E+00  0.000E+00  3.43566E+01  5.232E-01  5.000E+00  1.250E+02 -9.147E-02
   1   15   16    15     1    1.0381E+04 -1.1389E+01   1.0393E+04  0.000E+00  0.000E+00  0.000E+00  3.43441E+01  5.236E-01  5.000E+00  1.250E+02 -9.111E-02
   1   16   16    16     1    1.0393E+04 -1.0844E+01   1.0404E+04  0.000E+00  0.000E+00  0.000E+00  3.43316E+01  5.239E-01  5.000E+00  1.250E+02 -8.675E-02
   1   17   16    17     1    1.0404E+04 -9.7877E+00   1.0414E+04  0.000E+00  0.000E+00  0.000E+00  3.43191E+01  5.242E-01  5.000E+00  1.250E+02 -7.830E-02
   1   18   16    18     1    1.0414E+04 -8.1878E+00   1.0422E+04  0.000E+00  0.000E+00  0.000E+00  3.43066E+01  5.245E-01  5.000E+00  1.250E+02 -6.550E-02
   1   19   16    19     1    1.0422E+04 -5.9546E+00   1.0428E+04  0.000E+00  0.000E+00  0.000E+00  3.42940E+01  5.247E-01  5.000E+00  1.250E+02 -4.764E-02
   1   20   16    20     1    1.0428E+04 -2.9917E+00   1.0431E+04  0.000E+00  0.000E+00  0.000E+00  3.42813E+01  5.249E-01  5.000E+00  1.250E+02 -2.393E-02
   1   21   16    21     1    1.0431E+04  2.2134E-01   1.0430E+04  0.000E+00  0.000E+00  0.000E+00  3.42685E+01  5.249E-01  5.000E+00  1.250E+02  1.771E-03
   1   22   16    22     1    1.0430E+04 -1.2120E+00   1.0432E+04  0.000E+00  0.000E+00  0.000E+00  3.42557E+01  5.249E-01  5.000E+00  1.250E+02 -9.696E-03
   1   23   16    23     1    1.0432E+04 -2.3928E+00   1.0434E+04  0.000E+00  0.000E+00  0.000E+00  3.42430E+01  5.250E-01  5.000E+00  1.250E+02 -1.914E-02
   1   24   16    24     1    1.0434E+04 -2.8891E+00   1.0437E+04  0.000E+00  0.000E+00  0.000E+00  3.42302E+01  5.251E-01  5.000E+00  1.250E+02 -2.311E-02
   1   25   16    25     1    1.0437E+04 -2.8726E+00   1.0440E+04  0.000E+00  0.000E+00  0.000E+00  3.42175E+01  5.252E-01  5.000E+00  1.250E+02 -2.298E-02
   1   26   16    26     1    1.0440E+04 -2.5364E+00   1.0442E+04  0.000E+00  0.000E+00  0.000E+00  3.42048E+01  5.253E-01  5.000E+00  1.250E+02 -2.029E-02
   1   27   16    27     1    1.0442E+04 -2.0300E+00   1.0444E+04  0.000E+00  0.000E+00  0.000E+00  3.41920E+01  5.253E-01  5.000E+00  1.250E+02 -1.624E-02
   1   28   16    28     1    1.0444E+04 -1.4395E+00   1.0446E+04  0.000E+00  0.000E+00  0.000E+00  3.41792E+01  5.254E-01  5.000E+00  1.250E+02 -1.152E-02
   1   29   16    29     1    1.0446E+04 -7.6037E-01   1.0447E+04  0.000E+00  0.000E+00  0.000E+00  3.41665E+01  5.254E-01  5.000E+00  1.250E+02 -6.083E-03
   1   30   16    30     1    1.0447E+04  5.3812E-02   1.0446E+04  0.000E+00  0.000E+00  0.000E+00  3.41536E+01  5.254E-01  5.000E+00  1.250E+02  4.305E-04
   1   31   16    31     1    1.0446E+04  1.0507E+00   1.0445E+04  0.000E+00  0.000E+00  0.000E+00  3.41408E+01  5.254E-01  5.000E+00  1.250E+02  8.405E-03
   1   32   16    32     1    1.0445E+04  2.2594E+00   1.0443E+04  0.000E+00  0.000E+00  0.000E+00  3.41279E+01  5.254E-01  5.000E+00  1.250E+02  1.808E-02
   1   33   16    33     1    1.0443E+04  3.6646E+00   1.0440E+04  0.000E+00  0.000E+00  0.000E+00  3.41150E+01  5.253E-01  5.000E+00  1.250E+02  2.932E-02
   1   34   16    34     1    1.0440E+04  5.1700E+00   1.0434E+04  0.000E+00  0.000E+00  0.000E+00  3.41021E+01  5.252E-01  5.000E+00  1.250E+02  4.136E-02
   1   35   16    35     1    1.0434E+04  6.5548E+00   1.0428E+04  0.000E+00  0.000E+00  0.000E+00  3.40891E+01  5.250E-01  5.000E+00  1.250E+02  5.244E-02
   1   36   16    36     1    1.0428E+04  7.5593E+00   1.0420E+04  0.000E+00  0.000E+00  0.000E+00  3.40760E+01  5.248E-01  5.000E+00  1.250E+02  6.047E-02
   1   37   16    37     1    1.0420E+04  8.4710E+00   1.0412E+04  0.000E+00  0.000E+00  0.000E+00  3.40630E+01  5.245E-01  5.000E+00  1.250E+02  6.777E-02
   1   38   16    38     1    1.0412E+04  9.4988E+00   1.0402E+04  0.000E+00  0.000E+00  0.000E+00  3.40499E+01  5.242E-01  5.000E+00  1.250E+02  7.599E-02
   1   39   16    39     1    1.0402E+04  1.0366E+01   1.0392E+04  0.000E+00  0.000E+00  0.000E+00  3.40368E+01  5.239E-01  5.000E+00  1.250E+02  8.292E-02
   1   40   16    40     1    1.0392E+04  0.0000E+00   1.0392E+04  0.000E+00  0.000E+00  0.000E+00  3.40238E+01  5.238E-01  5.000E+00  0.000E+00  0.000E+00
